#
# There is insufficient memory for the Java Runtime Environment to continue.
# Native memory allocation (malloc) failed to allocate 1048576 bytes for AllocateHeap
# Possible reasons:
#   The system is out of physical RAM or swap space
#   In 32 bit mode, the process size limit was hit
# Possible solutions:
#   Reduce memory load on the system
#   Increase physical memory or swap space
#   Check if swap backing store is full
#   Use 64 bit Java on a 64 bit OS
#   Decrease Java heap size (-Xmx/-Xms)
#   Decrease number of Java threads
#   Decrease Java thread stack sizes (-Xss)
#   Set larger code cache with -XX:ReservedCodeCacheSize=
# This output file may be truncated or incomplete.
#
#  Out of Memory Error (memory/allocation.inline.hpp:61), pid=2928, tid=0x0000000000001374
#
# JRE version:  (8.0_181-b13) (build )
# Java VM: Java HotSpot(TM) 64-Bit Server VM (25.181-b13 mixed mode windows-amd64 compressed oops)
# Failed to write core dump. Minidumps are not enabled by default on client versions of Windows
#

---------------  T H R E A D  ---------------

Current thread (0x0000000002e9e000):  JavaThread "Unknown thread" [_thread_in_vm, id=4980, stack(0x0000000002d40000,0x0000000002e40000)]

Stack: [0x0000000002d40000,0x0000000002e40000]
[error occurred during error reporting (printing stack bounds), id 0xc0000005]

Native frames: (J=compiled Java code, j=interpreted, Vv=VM code, C=native code)


---------------  P R O C E S S  ---------------

Java Threads: ( => current thread )

Other Threads:

=>0x0000000002e9e000 (exited) JavaThread "Unknown thread" [_thread_in_vm, id=4980, stack(0x0000000002d40000,0x0000000002e40000)]

VM state:not at safepoint (normal execution)

VM Mutex/Monitor currently owned by a thread: None

Heap:
 PSYoungGen      total 38400K, used 665K [0x00000000d5d80000, 0x00000000d8800000, 0x0000000100000000)
  eden space 33280K, 2% used [0x00000000d5d80000,0x00000000d5e26670,0x00000000d7e00000)
  from space 5120K, 0% used [0x00000000d8300000,0x00000000d8300000,0x00000000d8800000)
  to   space 5120K, 0% used [0x00000000d7e00000,0x00000000d7e00000,0x00000000d8300000)
 ParOldGen       total 87552K, used 0K [0x0000000081800000, 0x0000000086d80000, 0x00000000d5d80000)
  object space 87552K, 0% used [0x0000000081800000,0x0000000081800000,0x0000000086d80000)
 Metaspace       used 751K, capacity 4480K, committed 4480K, reserved 1056768K
  class space    used 76K, capacity 384K, committed 384K, reserved 1048576K

Card table byte_map: [0x0000000012360000,0x0000000012760000] byte_map_base: 0x0000000011f54000

Marking Bits: (ParMarkBitMap*) 0x0000000061712d00
 Begin Bits: [0x0000000012e10000, 0x0000000014db0000)
 End Bits:   [0x0000000014db0000, 0x0000000016d50000)

Polling page: 0x00000000014b0000

CodeCache: size=245760Kb used=328Kb max_used=328Kb free=245431Kb
 bounds [0x0000000002fa0000, 0x0000000003210000, 0x0000000011fa0000]
 total_blobs=58 nmethods=0 adapters=38
 compilation: enabled

Compilation events (0 events):
No events

GC Heap History (0 events):
No events

Deoptimization events (0 events):
No events

Classes redefined (0 events):
No events

Internal exceptions (0 events):
No events

Events (10 events):
Event: 0.032 loading class java/lang/Short
Event: 0.032 loading class java/lang/Short done
Event: 0.032 loading class java/lang/Integer
Event: 0.033 loading class java/lang/Integer done
Event: 0.033 loading class java/lang/Long
Event: 0.033 loading class java/lang/Long done
Event: 0.034 loading class java/lang/NullPointerException
Event: 0.034 loading class java/lang/NullPointerException done
Event: 0.034 loading class java/lang/ArithmeticException
Event: 0.034 loading class java/lang/ArithmeticException done


Dynamic libraries:
0x00007ff723320000 - 0x00007ff723357000 	C:\Program Files\Java\jre1.8.0_181\bin\javaw.exe
0x00007ffcc3cc0000 - 0x00007ffcc3ead000 	C:\WINDOWS\SYSTEM32\ntdll.dll
0x00007ffcc1020000 - 0x00007ffcc10d3000 	C:\WINDOWS\System32\KERNEL32.DLL
0x00007ffcc0b10000 - 0x00007ffcc0da3000 	C:\WINDOWS\System32\KERNELBASE.dll
0x00007ffcc3470000 - 0x00007ffcc3513000 	C:\WINDOWS\System32\ADVAPI32.dll
0x00007ffcc3bf0000 - 0x00007ffcc3c8e000 	C:\WINDOWS\System32\msvcrt.dll
0x00007ffcc12d0000 - 0x00007ffcc136e000 	C:\WINDOWS\System32\sechost.dll
0x00007ffcc3520000 - 0x00007ffcc3642000 	C:\WINDOWS\System32\RPCRT4.dll
0x00007ffcc3740000 - 0x00007ffcc38d7000 	C:\WINDOWS\System32\USER32.dll
0x00007ffcc0a40000 - 0x00007ffcc0a60000 	C:\WINDOWS\System32\win32u.dll
0x00007ffcc0f10000 - 0x00007ffcc0f39000 	C:\WINDOWS\System32\GDI32.dll
0x00007ffcc06c0000 - 0x00007ffcc0859000 	C:\WINDOWS\System32\gdi32full.dll
0x00007ffcc0db0000 - 0x00007ffcc0e50000 	C:\WINDOWS\System32\msvcp_win.dll
0x00007ffcc0560000 - 0x00007ffcc065a000 	C:\WINDOWS\System32\ucrtbase.dll
0x00007ffcb0b60000 - 0x00007ffcb0dd9000 	C:\WINDOWS\WinSxS\amd64_microsoft.windows.common-controls_6595b64144ccf1df_6.0.17763.615_none_05b4414a072024d4\COMCTL32.dll
0x00007ffcc1430000 - 0x00007ffcc175c000 	C:\WINDOWS\System32\combase.dll
0x00007ffcc0e70000 - 0x00007ffcc0eee000 	C:\WINDOWS\System32\bcryptPrimitives.dll
0x00007ffcc3710000 - 0x00007ffcc373e000 	C:\WINDOWS\System32\IMM32.DLL
0x0000000060c50000 - 0x0000000060d22000 	C:\Program Files\Java\jre1.8.0_181\bin\msvcr100.dll
0x0000000060ef0000 - 0x0000000061792000 	C:\Program Files\Java\jre1.8.0_181\bin\server\jvm.dll
0x00007ffcc1150000 - 0x00007ffcc1158000 	C:\WINDOWS\System32\PSAPI.DLL
0x00007ffcac0b0000 - 0x00007ffcac0b9000 	C:\WINDOWS\SYSTEM32\WSOCK32.dll
0x00007ffcb5400000 - 0x00007ffcb540a000 	C:\WINDOWS\SYSTEM32\VERSION.dll
0x00007ffcbbc90000 - 0x00007ffcbbcb4000 	C:\WINDOWS\SYSTEM32\WINMM.dll
0x00007ffcc1760000 - 0x00007ffcc17cd000 	C:\WINDOWS\System32\WS2_32.dll
0x00007ffcbbc60000 - 0x00007ffcbbc8d000 	C:\WINDOWS\SYSTEM32\winmmbase.dll
0x00007ffcbfdc0000 - 0x00007ffcbfe0a000 	C:\WINDOWS\System32\cfgmgr32.dll
0x0000000060e00000 - 0x0000000060e0f000 	C:\Program Files\Java\jre1.8.0_181\bin\verify.dll
0x0000000060dd0000 - 0x0000000060df9000 	C:\Program Files\Java\jre1.8.0_181\bin\java.dll
0x0000000060db0000 - 0x0000000060dc6000 	C:\Program Files\Java\jre1.8.0_181\bin\zip.dll

VM Arguments:
jvm_args: -Dfile.encoding=Cp1252 
java_command: calculator.Calculator
java_class_path (initial): C:\Users\Gokul\eclipse-workspace\Calculator\target\classes
Launcher Type: SUN_STANDARD

Environment Variables:
PATH=C:/Program Files/Java/jre1.8.0_181/bin/server;C:/Program Files/Java/jre1.8.0_181/bin;C:/Program Files/Java/jre1.8.0_181/lib/amd64;C:\Program Files (x86)\NVIDIA Corporation\PhysX\Common;C:\Program Files (x86)\Common Files\Oracle\Java\javapath;C:\WINDOWS\system32;C:\WINDOWS;C:\WINDOWS\System32\Wbem;C:\WINDOWS\System32\WindowsPowerShell\v1.0\;C:\WINDOWS\System32\OpenSSH\;C:\Program Files\Microsoft VS Code\bin;C:\Users\Gokul\AppData\Local\Programs\Python\Python37\Scripts\;C:\Users\Gokul\AppData\Local\Programs\Python\Python37\;C:\Users\Gokul\AppData\Local\Microsoft\WindowsApps;C:\Program Files\Java\jdk1.8.0_181\bin;C:\adb;C:\Program Files (x86)\Intel\Intel(R) Management Engine Components\DAL;C:\Program Files\Intel\Intel(R) Management Engine Components\DAL;C:\Program Files\Intel\WiFi\bin\;C:\Program Files\Common Files\Intel\WirelessCommon\;C:\Program Files\Git\cmd;C:\Program Files\Git\mingw64\bin;C:\Program Files\Git\usr\bin;C:\Users\Gokul\AppData\Local\Programs\Python\Python37\Scripts\;C:\Users\Gokul\AppData\Local\Programs\Python\Python37\;C:\Users\Gokul\AppData\Local\Microsoft\WindowsApps;C:\Program Files\Java\jdk1.8.0_181\bin;;C:\WINDOWS\System32;
USERNAME=Gokul
OS=Windows_NT
PROCESSOR_IDENTIFIER=Intel64 Family 6 Model 142 Stepping 9, GenuineIntel



---------------  S Y S T E M  ---------------

OS: Windows 10.0 , 64 bit Build 17763 (10.0.17763.475)

CPU:total 4 (initial active 4) (2 cores per cpu, 2 threads per core) family 6 model 142 stepping 9, cmov, cx8, fxsr, mmx, sse, sse2, sse3, ssse3, sse4.1, sse4.2, popcnt, avx, avx2, aes, clmul, erms, 3dnowpref, lzcnt, ht, tsc, tscinvbit, bmi1, bmi2, adx

Memory: 4k page, physical 8284804k(2967928k free), swap 10237572k(5348k free)

vm_info: Java HotSpot(TM) 64-Bit Server VM (25.181-b13) for windows-amd64 JRE (1.8.0_181-b13), built on Jul  7 2018 04:01:33 by "java_re" with MS VC++ 10.0 (VS2010)

time: Mon Jan 20 13:09:48 2020
elapsed time: 0 seconds (0d 0h 0m 0s)

